\BOOKMARK [0][-]{section*.1}{\376\377\000\315\000n\000d\000i\000c\000e\000\040\000g\000e\000n\000e\000r\000a\000l}{}% 1
\BOOKMARK [0][-]{section*.2}{\376\377\000\315\000n\000d\000i\000c\000e\000\040\000d\000e\000\040\000f\000i\000g\000u\000r\000a\000s}{}% 2
\BOOKMARK [0][-]{section*.3}{\376\377\000\315\000n\000d\000i\000c\000e\000\040\000d\000e\000\040\000t\000a\000b\000l\000a\000s}{}% 3
\BOOKMARK [0][-]{chapter.1}{\376\377\000I\000n\000t\000r\000o\000d\000u\000c\000c\000i\000\363\000n}{}% 4
\BOOKMARK [1][-]{section.1.1}{\376\377\000M\000o\000t\000i\000v\000a\000c\000i\000\363\000n}{chapter.1}% 5
\BOOKMARK [1][-]{section.1.2}{\376\377\000O\000b\000j\000e\000t\000i\000v\000o\000s}{chapter.1}% 6
\BOOKMARK [1][-]{section.1.3}{\376\377\000A\000l\000c\000a\000n\000c\000e\000\040\000d\000e\000l\000\040\000t\000r\000a\000b\000a\000j\000o}{chapter.1}% 7
\BOOKMARK [1][-]{section.1.4}{\376\377\000E\000s\000t\000r\000u\000c\000t\000u\000r\000a\000\040\000d\000e\000\040\000l\000a\000\040\000m\000e\000m\000o\000r\000i\000a}{chapter.1}% 8
\BOOKMARK [0][-]{chapter.2}{\376\377\000C\000o\000n\000t\000e\000x\000t\000o\000\040\000d\000e\000l\000\040\000p\000r\000o\000b\000l\000e\000m\000a\000\040\000y\000\040\000e\000s\000t\000a\000d\000o\000\040\000d\000e\000l\000\040\000a\000r\000t\000e}{}% 9
\BOOKMARK [1][-]{section.2.1}{\376\377\000I\000n\000f\000o\000r\000m\000a\000c\000i\000\363\000n\000\040\000i\000n\000v\000e\000s\000t\000i\000g\000a\000d\000o\000r\000a\000\040\000y\000\040\000a\000n\000\341\000l\000i\000s\000i\000s\000\040\000d\000e\000\040\000l\000a\000\040\000a\000c\000t\000i\000v\000i\000d\000a\000d\000\040\000c\000i\000e\000n\000t\000\355\000f\000i\000c\000a}{chapter.2}% 10
\BOOKMARK [1][-]{section.2.2}{\376\377\000R\000e\000p\000r\000e\000s\000e\000n\000t\000a\000c\000i\000\363\000n\000\040\000y\000\040\000v\000i\000s\000u\000a\000l\000i\000z\000a\000c\000i\000\363\000n\000\040\000d\000e\000\040\000r\000e\000l\000a\000c\000i\000o\000n\000e\000s\000\040\000c\000i\000e\000n\000t\000\355\000f\000i\000c\000a\000s}{chapter.2}% 11
\BOOKMARK [1][-]{section.2.3}{\376\377\000A\000g\000r\000u\000p\000a\000c\000i\000\363\000n\000\040\000t\000e\000m\000\341\000t\000i\000c\000a\000\040\000d\000e\000\040\000p\000e\000r\000f\000i\000l\000e\000s\000\040\000i\000n\000v\000e\000s\000t\000i\000g\000a\000d\000o\000r\000e\000s}{chapter.2}% 12
\BOOKMARK [0][-]{chapter.3}{\376\377\000D\000i\000s\000e\000\361\000o\000\040\000c\000o\000n\000c\000e\000p\000t\000u\000a\000l\000\040\000y\000\040\000p\000l\000a\000n\000i\000f\000i\000c\000a\000c\000i\000\363\000n\000\040\000d\000e\000l\000\040\000p\000r\000o\000y\000e\000c\000t\000o}{}% 13
\BOOKMARK [1][-]{section.3.1}{\376\377\000P\000l\000a\000n\000t\000e\000a\000m\000i\000e\000n\000t\000o\000\040\000i\000n\000i\000c\000i\000a\000l\000\040\000d\000e\000l\000\040\000m\000o\000d\000e\000l\000o}{chapter.3}% 14
\BOOKMARK [1][-]{section.3.2}{\376\377\000E\000v\000o\000l\000u\000c\000i\000\363\000n\000\040\000d\000e\000l\000\040\000d\000i\000s\000e\000\361\000o\000,\000\040\000l\000i\000m\000i\000t\000a\000c\000i\000o\000n\000e\000s\000\040\000y\000\040\000d\000e\000c\000i\000s\000i\000o\000n\000e\000s\000\040\000a\000d\000o\000p\000t\000a\000d\000a\000s}{chapter.3}% 15
\BOOKMARK [1][-]{section.3.3}{\376\377\000M\000a\000r\000c\000o\000\040\000l\000e\000g\000a\000l\000\040\000y\000\040\000\351\000t\000i\000c\000o}{chapter.3}% 16
\BOOKMARK [1][-]{section.3.4}{\376\377\000P\000l\000a\000n\000i\000f\000i\000c\000a\000c\000i\000\363\000n\000\040\000d\000e\000l\000\040\000t\000r\000a\000b\000a\000j\000o}{chapter.3}% 17
\BOOKMARK [0][-]{chapter.4}{\376\377\000C\000o\000n\000s\000t\000r\000u\000c\000c\000i\000\363\000n\000\040\000d\000e\000\040\000l\000a\000\040\000b\000a\000s\000e\000\040\000d\000e\000\040\000d\000a\000t\000o\000s}{}% 18
\BOOKMARK [1][-]{section.4.1}{\376\377\000F\000u\000e\000n\000t\000e\000s\000\040\000d\000e\000\040\000d\000a\000t\000o\000s}{chapter.4}% 19
\BOOKMARK [1][-]{section.4.2}{\376\377\000E\000x\000t\000r\000a\000c\000c\000i\000\363\000n\000,\000\040\000o\000r\000g\000a\000n\000i\000z\000a\000c\000i\000\363\000n\000\040\000y\000\040\000d\000e\000p\000u\000r\000a\000c\000i\000\363\000n\000\040\000d\000e\000\040\000l\000a\000\040\000i\000n\000f\000o\000r\000m\000a\000c\000i\000\363\000n}{chapter.4}% 20
\BOOKMARK [2][-]{subsection.4.2.1}{\376\377\000I\000n\000v\000e\000s\000t\000i\000g\000a\000d\000o\000r\000e\000s\000\040\000i\000n\000t\000e\000r\000n\000o\000s\000\040\000y\000\040\000\341\000r\000e\000a\000s\000\040\000d\000e\000\040\000t\000r\000a\000b\000a\000j\000o}{section.4.2}% 21
\BOOKMARK [2][-]{subsection.4.2.2}{\376\377\000A\000r\000t\000\355\000c\000u\000l\000o\000s\000\040\000y\000\040\000c\000o\000a\000u\000t\000o\000r\000\355\000a\000s}{section.4.2}% 22
\BOOKMARK [2][-]{subsection.4.2.3}{\376\377\000C\000o\000n\000s\000t\000r\000u\000c\000c\000i\000\363\000n\000\040\000y\000\040\000d\000e\000p\000u\000r\000a\000c\000i\000\363\000n\000\040\000d\000e\000\040\000l\000a\000\040\000e\000n\000t\000i\000d\000a\000d\000\040\000r\000e\000v\000i\000s\000t\000a}{section.4.2}% 23
\BOOKMARK [2][-]{subsection.4.2.4}{\376\377\000P\000r\000o\000y\000e\000c\000t\000o\000s\000\040\000d\000e\000\040\000i\000n\000v\000e\000s\000t\000i\000g\000a\000c\000i\000\363\000n}{section.4.2}% 24
\BOOKMARK [2][-]{subsection.4.2.5}{\376\377\000E\000s\000t\000r\000u\000c\000t\000u\000r\000a\000s\000\040\000a\000u\000x\000i\000l\000i\000a\000r\000e\000s\000\040\000p\000a\000r\000a\000\040\000e\000l\000\040\000a\000n\000\341\000l\000i\000s\000i\000s\000\040\000s\000e\000m\000\341\000n\000t\000i\000c\000o}{section.4.2}% 25
\BOOKMARK [1][-]{section.4.3}{\376\377\000E\000s\000t\000r\000u\000c\000t\000u\000r\000a\000\040\000f\000i\000n\000a\000l\000\040\000d\000e\000\040\000l\000a\000s\000\040\000b\000a\000s\000e\000s\000\040\000d\000e\000\040\000d\000a\000t\000o\000s}{chapter.4}% 26
\BOOKMARK [2][-]{subsection.4.3.1}{\376\377\000E\000n\000t\000i\000d\000a\000d\000e\000s\000\040\000p\000r\000i\000n\000c\000i\000p\000a\000l\000e\000s}{section.4.3}% 27
\BOOKMARK [2][-]{subsection.4.3.2}{\376\377\000R\000e\000l\000a\000c\000i\000o\000n\000e\000s\000\040\000e\000n\000t\000r\000e\000\040\000e\000n\000t\000i\000d\000a\000d\000e\000s}{section.4.3}% 28
\BOOKMARK [2][-]{subsection.4.3.3}{\376\377\000E\000s\000t\000r\000u\000c\000t\000u\000r\000a\000s\000\040\000a\000u\000x\000i\000l\000i\000a\000r\000e\000s\000\040\000p\000a\000r\000a\000\040\000l\000a\000\040\000a\000g\000r\000u\000p\000a\000c\000i\000\363\000n\000\040\000s\000e\000m\000\341\000n\000t\000i\000c\000a}{section.4.3}% 29
\BOOKMARK [1][-]{section.4.4}{\376\377\000A\000n\000\341\000l\000i\000s\000i\000s\000\040\000e\000x\000p\000l\000o\000r\000a\000t\000o\000r\000i\000o\000\040\000d\000e\000\040\000l\000a\000\040\000b\000a\000s\000e\000\040\000d\000e\000\040\000d\000a\000t\000o\000s\000\040\000f\000i\000n\000a\000l}{chapter.4}% 30
\BOOKMARK [2][-]{subsection.4.4.1}{\376\377\000C\000o\000b\000e\000r\000t\000u\000r\000a\000\040\000g\000e\000n\000e\000r\000a\000l\000\040\000d\000e\000\040\000l\000a\000\040\000b\000a\000s\000e\000\040\000d\000e\000\040\000d\000a\000t\000o\000s}{section.4.4}% 31
\BOOKMARK [2][-]{subsection.4.4.2}{\376\377\000D\000i\000s\000t\000r\000i\000b\000u\000c\000i\000\363\000n\000\040\000d\000e\000\040\000i\000n\000v\000e\000s\000t\000i\000g\000a\000d\000o\000r\000e\000s\000\040\000y\000\040\000\341\000r\000e\000a\000s\000\040\000d\000e\000\040\000t\000r\000a\000b\000a\000j\000o}{section.4.4}% 32
\BOOKMARK [2][-]{subsection.4.4.3}{\376\377\000A\000r\000t\000\355\000c\000u\000l\000o\000s\000\040\000y\000\040\000r\000e\000v\000i\000s\000t\000a\000s}{section.4.4}% 33
\BOOKMARK [2][-]{subsection.4.4.4}{\376\377\000A\000c\000t\000i\000v\000i\000d\000a\000d\000\040\000e\000n\000\040\000p\000r\000o\000y\000e\000c\000t\000o\000s\000\040\000d\000e\000\040\000i\000n\000v\000e\000s\000t\000i\000g\000a\000c\000i\000\363\000n}{section.4.4}% 34
\BOOKMARK [2][-]{subsection.4.4.5}{\376\377\000C\000o\000b\000e\000r\000t\000u\000r\000a\000\040\000d\000e\000\040\000l\000a\000\040\000i\000n\000f\000o\000r\000m\000a\000c\000i\000\363\000n\000\040\000t\000e\000m\000\341\000t\000i\000c\000a}{section.4.4}% 35
\BOOKMARK [1][-]{section.4.5}{\376\377\000V\000a\000l\000o\000r\000a\000c\000i\000\363\000n\000\040\000d\000e\000\040\000l\000a\000\040\000b\000a\000s\000e\000\040\000d\000e\000\040\000d\000a\000t\000o\000s\000\040\000c\000o\000n\000s\000t\000r\000u\000i\000d\000a}{chapter.4}% 36
\BOOKMARK [0][-]{chapter.5}{\376\377\000D\000e\000s\000a\000r\000r\000o\000l\000l\000o\000\040\000d\000e\000\040\000l\000a\000\040\000a\000p\000l\000i\000c\000a\000c\000i\000\363\000n\000\040\000i\000n\000t\000e\000r\000a\000c\000t\000i\000v\000a}{}% 37
\BOOKMARK [1][-]{section.5.1}{\376\377\000D\000i\000s\000e\000\361\000o\000\040\000g\000e\000n\000e\000r\000a\000l\000\040\000d\000e\000\040\000l\000a\000\040\000h\000e\000r\000r\000a\000m\000i\000e\000n\000t\000a}{chapter.5}% 38
\BOOKMARK [1][-]{section.5.2}{\376\377\000C\000o\000n\000s\000t\000r\000u\000c\000c\000i\000\363\000n\000\040\000d\000e\000\040\000l\000o\000s\000\040\000g\000r\000a\000f\000o\000s\000\040\000i\000n\000t\000e\000r\000a\000c\000t\000i\000v\000o\000s}{chapter.5}% 39
\BOOKMARK [1][-]{section.5.3}{\376\377\000E\000l\000e\000m\000e\000n\000t\000o\000s\000\040\000d\000e\000\040\000i\000n\000t\000e\000r\000a\000c\000c\000i\000\363\000n\000\040\000y\000\040\000v\000i\000s\000u\000a\000l\000i\000z\000a\000c\000i\000\363\000n}{chapter.5}% 40
\BOOKMARK [1][-]{section.5.4}{\376\377\000V\000a\000l\000o\000r\000a\000c\000i\000\363\000n\000\040\000d\000e\000\040\000l\000a\000\040\000a\000p\000l\000i\000c\000a\000c\000i\000\363\000n\000\040\000d\000e\000s\000a\000r\000r\000o\000l\000l\000a\000d\000a}{chapter.5}% 41
\BOOKMARK [0][-]{chapter.6}{\376\377\000A\000g\000r\000u\000p\000a\000c\000i\000\363\000n\000\040\000s\000e\000m\000\341\000n\000t\000i\000c\000a\000\040\000d\000e\000\040\000i\000n\000v\000e\000s\000t\000i\000g\000a\000d\000o\000r\000e\000s}{}% 42
\BOOKMARK [1][-]{section.6.1}{\376\377\000P\000r\000e\000p\000a\000r\000a\000c\000i\000\363\000n\000\040\000d\000e\000l\000\040\000v\000o\000c\000a\000b\000u\000l\000a\000r\000i\000o\000\040\000t\000e\000m\000\341\000t\000i\000c\000o}{chapter.6}% 43
\BOOKMARK [1][-]{section.6.2}{\376\377\000R\000e\000p\000r\000e\000s\000e\000n\000t\000a\000c\000i\000\363\000n\000\040\000t\000e\000m\000\341\000t\000i\000c\000a\000\040\000d\000e\000\040\000l\000o\000s\000\040\000i\000n\000v\000e\000s\000t\000i\000g\000a\000d\000o\000r\000e\000s}{chapter.6}% 44
\BOOKMARK [1][-]{section.6.3}{\376\377\000M\000o\000d\000e\000l\000o\000s\000\040\000d\000e\000\040\000c\000l\000u\000s\000t\000e\000r\000i\000n\000g}{chapter.6}% 45
\BOOKMARK [1][-]{section.6.4}{\376\377\000E\000v\000a\000l\000u\000a\000c\000i\000\363\000n\000\040\000y\000\040\000d\000i\000s\000c\000u\000s\000i\000\363\000n\000\040\000d\000e\000\040\000l\000o\000s\000\040\000r\000e\000s\000u\000l\000t\000a\000d\000o\000s}{chapter.6}% 46
\BOOKMARK [0][-]{chapter.7}{\376\377\000C\000o\000n\000c\000l\000u\000s\000i\000o\000n\000e\000s\000\040\000y\000\040\000t\000r\000a\000b\000a\000j\000o\000\040\000f\000u\000t\000u\000r\000o}{}% 47
\BOOKMARK [1][-]{section.7.1}{\376\377\000C\000o\000n\000c\000l\000u\000s\000i\000o\000n\000e\000s\000\040\000g\000e\000n\000e\000r\000a\000l\000e\000s}{chapter.7}% 48
\BOOKMARK [1][-]{section.7.2}{\376\377\000C\000u\000m\000p\000l\000i\000m\000i\000e\000n\000t\000o\000\040\000d\000e\000\040\000l\000o\000s\000\040\000o\000b\000j\000e\000t\000i\000v\000o\000s}{chapter.7}% 49
\BOOKMARK [1][-]{section.7.3}{\376\377\000L\000\355\000n\000e\000a\000s\000\040\000d\000e\000\040\000t\000r\000a\000b\000a\000j\000o\000\040\000f\000u\000t\000u\000r\000o}{chapter.7}% 50
\BOOKMARK [1][-]{section.7.4}{\376\377\000L\000e\000g\000a\000d\000o}{chapter.7}% 51
\BOOKMARK [1][-]{section.7.5}{\376\377\000R\000e\000l\000a\000c\000i\000\363\000n\000\040\000d\000e\000l\000\040\000T\000F\000G\000\040\000c\000o\000n\000\040\000G\000C\000D}{chapter.7}% 52
\BOOKMARK [0][-]{chapter*.26}{\376\377\000B\000i\000b\000l\000i\000o\000g\000r\000a\000f\000\355\000a}{}% 53
\BOOKMARK [0][-]{appendix.Alph1}{\376\377\000R\000e\000l\000a\000c\000i\000\363\000n\000\040\000d\000e\000l\000\040\000t\000r\000a\000b\000a\000j\000o\000\040\000c\000o\000n\000\040\000l\000o\000s\000\040\000O\000b\000j\000e\000t\000i\000v\000o\000s\000\040\000d\000e\000\040\000D\000e\000s\000a\000r\000r\000o\000l\000l\000o\000\040\000S\000o\000s\000t\000e\000n\000i\000b\000l\000e}{}% 54
\BOOKMARK [0][-]{appendix.Alph2}{\376\377\000D\000i\000c\000c\000i\000o\000n\000a\000r\000i\000o\000\040\000d\000e\000\040\000d\000a\000t\000o\000s\000\040\000y\000\040\000e\000s\000t\000r\000u\000c\000t\000u\000r\000a\000\040\000d\000e\000\040\000f\000i\000c\000h\000e\000r\000o\000s}{}% 55
\BOOKMARK [1][-]{section.Alph2.1}{\376\377\000F\000i\000c\000h\000e\000r\000o\000s\000\040\000d\000e\000\040\000e\000n\000t\000i\000d\000a\000d\000e\000s}{appendix.Alph2}% 56
\BOOKMARK [2][-]{subsection.Alph2.1.1}{\376\377\000I\000n\000v\000e\000s\000t\000i\000g\000a\000d\000o\000r\000e\000s\000\040\000i\000n\000t\000e\000r\000n\000o\000s}{section.Alph2.1}% 57
\BOOKMARK [2][-]{subsection.Alph2.1.2}{\376\377\000\301\000r\000e\000a\000s\000\040\000d\000e\000\040\000t\000r\000a\000b\000a\000j\000o}{section.Alph2.1}% 58
\BOOKMARK [2][-]{subsection.Alph2.1.3}{\376\377\000R\000e\000v\000i\000s\000t\000a\000s}{section.Alph2.1}% 59
\BOOKMARK [1][-]{section.Alph2.2}{\376\377\000F\000i\000c\000h\000e\000r\000o\000s\000\040\000d\000e\000\040\000r\000e\000l\000a\000c\000i\000o\000n\000e\000s}{appendix.Alph2}% 60
\BOOKMARK [2][-]{subsection.Alph2.2.1}{\376\377\000R\000e\000l\000a\000c\000i\000\363\000n\000\040\000e\000n\000t\000r\000e\000\040\000i\000n\000v\000e\000s\000t\000i\000g\000a\000d\000o\000r\000e\000s\000\040\000y\000\040\000\341\000r\000e\000a\000s}{section.Alph2.2}% 61
\BOOKMARK [2][-]{subsection.Alph2.2.2}{\376\377\000R\000e\000l\000a\000c\000i\000\363\000n\000\040\000e\000n\000t\000r\000e\000\040\000i\000n\000v\000e\000s\000t\000i\000g\000a\000d\000o\000r\000e\000s\000\040\000y\000\040\000r\000e\000v\000i\000s\000t\000a\000s}{section.Alph2.2}% 62
\BOOKMARK [2][-]{subsection.Alph2.2.3}{\376\377\000R\000e\000l\000a\000c\000i\000\363\000n\000\040\000d\000e\000\040\000c\000o\000a\000u\000t\000o\000r\000\355\000a}{section.Alph2.2}% 63
\BOOKMARK [2][-]{subsection.Alph2.2.4}{\376\377\000R\000e\000l\000a\000c\000i\000\363\000n\000\040\000e\000n\000t\000r\000e\000\040\000i\000n\000v\000e\000s\000t\000i\000g\000a\000d\000o\000r\000e\000s\000\040\000y\000\040\000p\000r\000o\000y\000e\000c\000t\000o\000s}{section.Alph2.2}% 64
\BOOKMARK [2][-]{subsection.Alph2.2.5}{\376\377\000R\000e\000l\000a\000c\000i\000\363\000n\000\040\000d\000e\000\040\000c\000o\000l\000a\000b\000o\000r\000a\000c\000i\000\363\000n\000\040\000e\000n\000\040\000p\000r\000o\000y\000e\000c\000t\000o\000s}{section.Alph2.2}% 65
\BOOKMARK [1][-]{section.Alph2.3}{\376\377\000E\000s\000t\000r\000u\000c\000t\000u\000r\000a\000s\000\040\000a\000u\000x\000i\000l\000i\000a\000r\000e\000s\000\040\000p\000a\000r\000a\000\040\000e\000l\000\040\000a\000n\000\341\000l\000i\000s\000i\000s\000\040\000s\000e\000m\000\341\000n\000t\000i\000c\000o}{appendix.Alph2}% 66
\BOOKMARK [2][-]{subsection.Alph2.3.1}{\376\377\000M\000a\000t\000r\000i\000z\000\040\000d\000e\000\040\000r\000e\000v\000i\000s\000t\000a\000s\000\040\000y\000\040\000p\000a\000l\000a\000b\000r\000a\000s\000\040\000c\000l\000a\000v\000e}{section.Alph2.3}% 67
\BOOKMARK [2][-]{subsection.Alph2.3.2}{\376\377\000M\000a\000t\000r\000i\000z\000\040\000d\000e\000\040\000i\000n\000v\000e\000s\000t\000i\000g\000a\000d\000o\000r\000e\000s\000\040\000y\000\040\000p\000a\000l\000a\000b\000r\000a\000s\000\040\000c\000l\000a\000v\000e}{section.Alph2.3}% 68
\BOOKMARK [2][-]{subsection.Alph2.3.3}{\376\377\000T\000r\000a\000z\000a\000b\000i\000l\000i\000d\000a\000d\000\040\000e\000n\000t\000r\000e\000\040\000i\000n\000v\000e\000s\000t\000i\000g\000a\000d\000o\000r\000e\000s\000,\000\040\000r\000e\000v\000i\000s\000t\000a\000s\000\040\000y\000\040\000p\000a\000l\000a\000b\000r\000a\000s\000\040\000c\000l\000a\000v\000e}{section.Alph2.3}% 69
\BOOKMARK [2][-]{subsection.Alph2.3.4}{\376\377\000L\000i\000s\000t\000a\000d\000o\000\040\000a\000u\000x\000i\000l\000i\000a\000r\000\040\000d\000e\000\040\000r\000e\000v\000i\000s\000t\000a\000s}{section.Alph2.3}% 70
